[0.118s] DEBUG:colcon:Command line arguments: ['/usr/bin/colcon', 'build', '--symlink-install']
[0.118s] DEBUG:colcon:Parsed command line arguments: Namespace(log_base=None, log_level=None, verb_name='build', build_base='build', install_base='install', merge_install=False, symlink_install=True, test_result_base=None, continue_on_error=False, executor='parallel', parallel_workers=8, event_handlers=None, ignore_user_meta=False, metas=['./colcon.meta'], base_paths=['.'], packages_ignore=None, packages_ignore_regex=None, paths=None, packages_up_to=None, packages_up_to_regex=None, packages_above=None, packages_above_and_dependencies=None, packages_above_depth=None, packages_select_by_dep=None, packages_skip_by_dep=None, packages_skip_up_to=None, packages_select_build_failed=False, packages_skip_build_finished=False, packages_select_test_failures=False, packages_skip_test_passed=False, packages_select=None, packages_skip=None, packages_select_regex=None, packages_skip_regex=None, packages_start=None, packages_end=None, allow_overriding=[], cmake_args=None, cmake_target=None, cmake_target_skip_unavailable=False, cmake_clean_cache=False, cmake_clean_first=False, cmake_force_configure=False, ament_cmake_args=None, catkin_cmake_args=None, catkin_skip_building_tests=False, mixin_files=None, mixin=None, verb_parser=<colcon_mixin.mixin.mixin_argument.MixinArgumentDecorator object at 0x737a7ed05c60>, verb_extension=<colcon_core.verb.build.BuildVerb object at 0x737a7ed05240>, main=<bound method BuildVerb.main of <colcon_core.verb.build.BuildVerb object at 0x737a7ed05240>>, mixin_verb=('build',))
[0.303s] Level 1:colcon.colcon_core.package_discovery:discover_packages(colcon_meta) check parameters
[0.304s] Level 1:colcon.colcon_core.package_discovery:discover_packages(recursive) check parameters
[0.304s] Level 1:colcon.colcon_core.package_discovery:discover_packages(ignore) check parameters
[0.304s] Level 1:colcon.colcon_core.package_discovery:discover_packages(path) check parameters
[0.304s] Level 1:colcon.colcon_core.package_discovery:discover_packages(colcon_meta) discover
[0.304s] Level 1:colcon.colcon_core.package_discovery:discover_packages(recursive) discover
[0.304s] INFO:colcon.colcon_core.package_discovery:Crawling recursively for packages in '/home/student/git/Space-Robotics/particle_filter_localisation-4'
[0.304s] Level 1:colcon.colcon_core.package_identification:_identify(.) by extensions ['ignore', 'ignore_ament_install']
[0.304s] Level 1:colcon.colcon_core.package_identification:_identify(.) by extension 'ignore'
[0.304s] Level 1:colcon.colcon_core.package_identification:_identify(.) by extension 'ignore_ament_install'
[0.304s] Level 1:colcon.colcon_core.package_identification:_identify(.) by extensions ['colcon_pkg']
[0.304s] Level 1:colcon.colcon_core.package_identification:_identify(.) by extension 'colcon_pkg'
[0.304s] Level 1:colcon.colcon_core.package_identification:_identify(.) by extensions ['colcon_meta']
[0.304s] Level 1:colcon.colcon_core.package_identification:_identify(.) by extension 'colcon_meta'
[0.304s] Level 1:colcon.colcon_core.package_identification:_identify(.) by extensions ['ros']
[0.304s] Level 1:colcon.colcon_core.package_identification:_identify(.) by extension 'ros'
[0.316s] Level 1:colcon.colcon_core.package_identification:_identify(.) by extensions ['cmake', 'python']
[0.316s] Level 1:colcon.colcon_core.package_identification:_identify(.) by extension 'cmake'
[0.317s] Level 1:colcon.colcon_core.package_identification:_identify(.) by extension 'python'
[0.317s] Level 1:colcon.colcon_core.package_identification:_identify(.) by extensions ['python_setup_py']
[0.317s] Level 1:colcon.colcon_core.package_identification:_identify(.) by extension 'python_setup_py'
[0.317s] Level 1:colcon.colcon_core.package_identification:_identify(build) by extensions ['ignore', 'ignore_ament_install']
[0.317s] Level 1:colcon.colcon_core.package_identification:_identify(build) by extension 'ignore'
[0.317s] Level 1:colcon.colcon_core.package_identification:_identify(build) ignored
[0.317s] Level 1:colcon.colcon_core.package_identification:_identify(install) by extensions ['ignore', 'ignore_ament_install']
[0.317s] Level 1:colcon.colcon_core.package_identification:_identify(install) by extension 'ignore'
[0.317s] Level 1:colcon.colcon_core.package_identification:_identify(install) ignored
[0.317s] Level 1:colcon.colcon_core.package_identification:_identify(log) by extensions ['ignore', 'ignore_ament_install']
[0.317s] Level 1:colcon.colcon_core.package_identification:_identify(log) by extension 'ignore'
[0.317s] Level 1:colcon.colcon_core.package_identification:_identify(log) ignored
[0.318s] Level 1:colcon.colcon_core.package_identification:_identify(particle_filter_localisation) by extensions ['ignore', 'ignore_ament_install']
[0.318s] Level 1:colcon.colcon_core.package_identification:_identify(particle_filter_localisation) by extension 'ignore'
[0.318s] Level 1:colcon.colcon_core.package_identification:_identify(particle_filter_localisation) by extension 'ignore_ament_install'
[0.318s] Level 1:colcon.colcon_core.package_identification:_identify(particle_filter_localisation) by extensions ['colcon_pkg']
[0.318s] Level 1:colcon.colcon_core.package_identification:_identify(particle_filter_localisation) by extension 'colcon_pkg'
[0.318s] Level 1:colcon.colcon_core.package_identification:_identify(particle_filter_localisation) by extensions ['colcon_meta']
[0.318s] Level 1:colcon.colcon_core.package_identification:_identify(particle_filter_localisation) by extension 'colcon_meta'
[0.318s] Level 1:colcon.colcon_core.package_identification:_identify(particle_filter_localisation) by extensions ['ros']
[0.318s] Level 1:colcon.colcon_core.package_identification:_identify(particle_filter_localisation) by extension 'ros'
[0.321s] DEBUG:colcon.colcon_core.package_identification:Package 'particle_filter_localisation' with type 'ros.ament_python' and name 'particle_filter_localisation'
[0.321s] Level 1:colcon.colcon_core.package_discovery:discover_packages(recursive) using defaults
[0.321s] Level 1:colcon.colcon_core.package_discovery:discover_packages(ignore) discover
[0.321s] Level 1:colcon.colcon_core.package_discovery:discover_packages(ignore) using defaults
[0.321s] Level 1:colcon.colcon_core.package_discovery:discover_packages(path) discover
[0.321s] Level 1:colcon.colcon_core.package_discovery:discover_packages(path) using defaults
[0.359s] Level 1:colcon.colcon_core.package_discovery:discover_packages(prefix_path) check parameters
[0.360s] Level 1:colcon.colcon_core.package_discovery:discover_packages(prefix_path) discover
[0.362s] DEBUG:colcon.colcon_installed_package_information.package_discovery:Found 0 installed packages in /home/student/ros2_ws/install
[0.363s] DEBUG:colcon.colcon_installed_package_information.package_discovery:Found 319 installed packages in /opt/ros/humble
[0.365s] Level 1:colcon.colcon_core.package_discovery:discover_packages(prefix_path) using defaults
[0.408s] Level 5:colcon.colcon_core.verb:set package 'particle_filter_localisation' build argument 'cmake_args' from command line to 'None'
[0.408s] Level 5:colcon.colcon_core.verb:set package 'particle_filter_localisation' build argument 'cmake_target' from command line to 'None'
[0.409s] Level 5:colcon.colcon_core.verb:set package 'particle_filter_localisation' build argument 'cmake_target_skip_unavailable' from command line to 'False'
[0.409s] Level 5:colcon.colcon_core.verb:set package 'particle_filter_localisation' build argument 'cmake_clean_cache' from command line to 'False'
[0.409s] Level 5:colcon.colcon_core.verb:set package 'particle_filter_localisation' build argument 'cmake_clean_first' from command line to 'False'
[0.409s] Level 5:colcon.colcon_core.verb:set package 'particle_filter_localisation' build argument 'cmake_force_configure' from command line to 'False'
[0.409s] Level 5:colcon.colcon_core.verb:set package 'particle_filter_localisation' build argument 'ament_cmake_args' from command line to 'None'
[0.409s] Level 5:colcon.colcon_core.verb:set package 'particle_filter_localisation' build argument 'catkin_cmake_args' from command line to 'None'
[0.409s] Level 5:colcon.colcon_core.verb:set package 'particle_filter_localisation' build argument 'catkin_skip_building_tests' from command line to 'False'
[0.409s] DEBUG:colcon.colcon_core.verb:Building package 'particle_filter_localisation' with the following arguments: {'ament_cmake_args': None, 'build_base': '/home/student/git/Space-Robotics/particle_filter_localisation-4/build/particle_filter_localisation', 'catkin_cmake_args': None, 'catkin_skip_building_tests': False, 'cmake_args': None, 'cmake_clean_cache': False, 'cmake_clean_first': False, 'cmake_force_configure': False, 'cmake_target': None, 'cmake_target_skip_unavailable': False, 'install_base': '/home/student/git/Space-Robotics/particle_filter_localisation-4/install/particle_filter_localisation', 'merge_install': False, 'path': '/home/student/git/Space-Robotics/particle_filter_localisation-4/particle_filter_localisation', 'symlink_install': True, 'test_result_base': None}
[0.409s] INFO:colcon.colcon_core.executor:Executing jobs using 'parallel' executor
[0.410s] DEBUG:colcon.colcon_parallel_executor.executor.parallel:run_until_complete
[0.411s] INFO:colcon.colcon_ros.task.ament_python.build:Building ROS package in '/home/student/git/Space-Robotics/particle_filter_localisation-4/particle_filter_localisation' with build type 'ament_python'
[0.411s] Level 1:colcon.colcon_core.shell:create_environment_hook('particle_filter_localisation', 'ament_prefix_path')
[0.413s] INFO:colcon.colcon_core.plugin_system:Skipping extension 'colcon_core.shell.bat': Not used on non-Windows systems
[0.413s] INFO:colcon.colcon_core.shell:Creating environment hook '/home/student/git/Space-Robotics/particle_filter_localisation-4/install/particle_filter_localisation/share/particle_filter_localisation/hook/ament_prefix_path.ps1'
[0.414s] INFO:colcon.colcon_core.shell:Creating environment descriptor '/home/student/git/Space-Robotics/particle_filter_localisation-4/install/particle_filter_localisation/share/particle_filter_localisation/hook/ament_prefix_path.dsv'
[0.415s] INFO:colcon.colcon_core.shell:Creating environment hook '/home/student/git/Space-Robotics/particle_filter_localisation-4/install/particle_filter_localisation/share/particle_filter_localisation/hook/ament_prefix_path.sh'
[0.415s] INFO:colcon.colcon_core.shell:Skip shell extension 'powershell' for command environment: Not usable outside of PowerShell
[0.415s] DEBUG:colcon.colcon_core.shell:Skip shell extension 'dsv' for command environment
[0.708s] INFO:colcon.colcon_core.task.python.build:Building Python package in '/home/student/git/Space-Robotics/particle_filter_localisation-4/particle_filter_localisation'
[0.708s] INFO:colcon.colcon_core.shell:Skip shell extension 'powershell' for command environment: Not usable outside of PowerShell
[0.709s] DEBUG:colcon.colcon_core.shell:Skip shell extension 'dsv' for command environment
[1.143s] DEBUG:colcon.colcon_core.event_handler.log_command:Invoking command in '/home/student/git/Space-Robotics/particle_filter_localisation-4/build/particle_filter_localisation': PYTHONPATH=/home/student/git/Space-Robotics/particle_filter_localisation-4/build/particle_filter_localisation/prefix_override:/usr/lib/python3/dist-packages/colcon_core/task/python/colcon_distutils_commands:/home/student/git/Space-Robotics/particle_filter_localisation-4/install/particle_filter_localisation/lib/python3.10/site-packages:${PYTHONPATH} /usr/bin/python3 -W ignore:setup.py install is deprecated -W ignore:easy_install command is deprecated setup.py develop --editable --build-directory /home/student/git/Space-Robotics/particle_filter_localisation-4/build/particle_filter_localisation/build --no-deps symlink_data
[1.652s] Level 1:colcon.colcon_core.shell:create_environment_hook('particle_filter_localisation', 'pythonpath_develop')
[1.652s] INFO:colcon.colcon_core.shell:Creating environment hook '/home/student/git/Space-Robotics/particle_filter_localisation-4/build/particle_filter_localisation/share/particle_filter_localisation/hook/pythonpath_develop.ps1'
[1.653s] DEBUG:colcon.colcon_core.event_handler.log_command:Invoked command in '/home/student/git/Space-Robotics/particle_filter_localisation-4/build/particle_filter_localisation' returned '0': PYTHONPATH=/home/student/git/Space-Robotics/particle_filter_localisation-4/build/particle_filter_localisation/prefix_override:/usr/lib/python3/dist-packages/colcon_core/task/python/colcon_distutils_commands:/home/student/git/Space-Robotics/particle_filter_localisation-4/install/particle_filter_localisation/lib/python3.10/site-packages:${PYTHONPATH} /usr/bin/python3 -W ignore:setup.py install is deprecated -W ignore:easy_install command is deprecated setup.py develop --editable --build-directory /home/student/git/Space-Robotics/particle_filter_localisation-4/build/particle_filter_localisation/build --no-deps symlink_data
[1.654s] INFO:colcon.colcon_core.shell:Creating environment descriptor '/home/student/git/Space-Robotics/particle_filter_localisation-4/build/particle_filter_localisation/share/particle_filter_localisation/hook/pythonpath_develop.dsv'
[1.655s] INFO:colcon.colcon_core.shell:Creating environment hook '/home/student/git/Space-Robotics/particle_filter_localisation-4/build/particle_filter_localisation/share/particle_filter_localisation/hook/pythonpath_develop.sh'
[1.658s] Level 1:colcon.colcon_core.environment:checking '/home/student/git/Space-Robotics/particle_filter_localisation-4/install/particle_filter_localisation' for CMake module files
[1.658s] Level 1:colcon.colcon_core.environment:checking '/home/student/git/Space-Robotics/particle_filter_localisation-4/install/particle_filter_localisation' for CMake config files
[1.659s] Level 1:colcon.colcon_core.environment:checking '/home/student/git/Space-Robotics/particle_filter_localisation-4/install/particle_filter_localisation/lib'
[1.659s] Level 1:colcon.colcon_core.environment:checking '/home/student/git/Space-Robotics/particle_filter_localisation-4/install/particle_filter_localisation/bin'
[1.660s] Level 1:colcon.colcon_core.environment:checking '/home/student/git/Space-Robotics/particle_filter_localisation-4/install/particle_filter_localisation/lib/pkgconfig/particle_filter_localisation.pc'
[1.661s] Level 1:colcon.colcon_core.environment:checking '/home/student/git/Space-Robotics/particle_filter_localisation-4/install/particle_filter_localisation/lib/python3.10/site-packages'
[1.661s] Level 1:colcon.colcon_core.shell:create_environment_hook('particle_filter_localisation', 'pythonpath')
[1.661s] INFO:colcon.colcon_core.shell:Creating environment hook '/home/student/git/Space-Robotics/particle_filter_localisation-4/install/particle_filter_localisation/share/particle_filter_localisation/hook/pythonpath.ps1'
[1.661s] INFO:colcon.colcon_core.shell:Creating environment descriptor '/home/student/git/Space-Robotics/particle_filter_localisation-4/install/particle_filter_localisation/share/particle_filter_localisation/hook/pythonpath.dsv'
[1.662s] INFO:colcon.colcon_core.shell:Creating environment hook '/home/student/git/Space-Robotics/particle_filter_localisation-4/install/particle_filter_localisation/share/particle_filter_localisation/hook/pythonpath.sh'
[1.663s] Level 1:colcon.colcon_core.environment:checking '/home/student/git/Space-Robotics/particle_filter_localisation-4/install/particle_filter_localisation/bin'
[1.663s] Level 1:colcon.colcon_core.environment:create_environment_scripts_only(particle_filter_localisation)
[1.663s] INFO:colcon.colcon_core.shell:Creating package script '/home/student/git/Space-Robotics/particle_filter_localisation-4/install/particle_filter_localisation/share/particle_filter_localisation/package.ps1'
[1.664s] INFO:colcon.colcon_core.shell:Creating package descriptor '/home/student/git/Space-Robotics/particle_filter_localisation-4/install/particle_filter_localisation/share/particle_filter_localisation/package.dsv'
[1.665s] INFO:colcon.colcon_core.shell:Creating package script '/home/student/git/Space-Robotics/particle_filter_localisation-4/install/particle_filter_localisation/share/particle_filter_localisation/package.sh'
[1.666s] INFO:colcon.colcon_core.shell:Creating package script '/home/student/git/Space-Robotics/particle_filter_localisation-4/install/particle_filter_localisation/share/particle_filter_localisation/package.bash'
[1.666s] INFO:colcon.colcon_core.shell:Creating package script '/home/student/git/Space-Robotics/particle_filter_localisation-4/install/particle_filter_localisation/share/particle_filter_localisation/package.zsh'
[1.667s] Level 1:colcon.colcon_core.environment:create_file_with_runtime_dependencies(/home/student/git/Space-Robotics/particle_filter_localisation-4/install/particle_filter_localisation/share/colcon-core/packages/particle_filter_localisation)
[1.668s] DEBUG:colcon.colcon_parallel_executor.executor.parallel:closing loop
[1.668s] DEBUG:colcon.colcon_parallel_executor.executor.parallel:loop closed
[1.668s] DEBUG:colcon.colcon_parallel_executor.executor.parallel:run_until_complete finished with '0'
[1.669s] DEBUG:colcon.colcon_core.event_reactor:joining thread
[1.676s] INFO:colcon.colcon_core.plugin_system:Skipping extension 'colcon_notification.desktop_notification.terminal_notifier': Not used on non-Darwin systems
[1.676s] INFO:colcon.colcon_core.plugin_system:Skipping extension 'colcon_notification.desktop_notification.win32': Not used on non-Windows systems
[1.677s] INFO:colcon.colcon_notification.desktop_notification:Sending desktop notification using 'notify2'
[1.689s] DEBUG:colcon.colcon_core.event_reactor:joined thread
[1.690s] INFO:colcon.colcon_core.shell:Creating prefix script '/home/student/git/Space-Robotics/particle_filter_localisation-4/install/local_setup.ps1'
[1.691s] INFO:colcon.colcon_core.shell:Creating prefix util module '/home/student/git/Space-Robotics/particle_filter_localisation-4/install/_local_setup_util_ps1.py'
[1.692s] INFO:colcon.colcon_core.shell:Creating prefix chain script '/home/student/git/Space-Robotics/particle_filter_localisation-4/install/setup.ps1'
[1.693s] INFO:colcon.colcon_core.shell:Creating prefix script '/home/student/git/Space-Robotics/particle_filter_localisation-4/install/local_setup.sh'
[1.694s] INFO:colcon.colcon_core.shell:Creating prefix util module '/home/student/git/Space-Robotics/particle_filter_localisation-4/install/_local_setup_util_sh.py'
[1.695s] INFO:colcon.colcon_core.shell:Creating prefix chain script '/home/student/git/Space-Robotics/particle_filter_localisation-4/install/setup.sh'
[1.696s] INFO:colcon.colcon_core.shell:Creating prefix script '/home/student/git/Space-Robotics/particle_filter_localisation-4/install/local_setup.bash'
[1.696s] INFO:colcon.colcon_core.shell:Creating prefix chain script '/home/student/git/Space-Robotics/particle_filter_localisation-4/install/setup.bash'
[1.697s] INFO:colcon.colcon_core.shell:Creating prefix script '/home/student/git/Space-Robotics/particle_filter_localisation-4/install/local_setup.zsh'
[1.697s] INFO:colcon.colcon_core.shell:Creating prefix chain script '/home/student/git/Space-Robotics/particle_filter_localisation-4/install/setup.zsh'
