running egg_info
writing ../../build/particle_filter_localisation/particle_filter_localisation.egg-info/PKG-INFO
writing dependency_links to ../../build/particle_filter_localisation/particle_filter_localisation.egg-info/dependency_links.txt
writing entry points to ../../build/particle_filter_localisation/particle_filter_localisation.egg-info/entry_points.txt
writing requirements to ../../build/particle_filter_localisation/particle_filter_localisation.egg-info/requires.txt
writing top-level names to ../../build/particle_filter_localisation/particle_filter_localisation.egg-info/top_level.txt
reading manifest file '../../build/particle_filter_localisation/particle_filter_localisation.egg-info/SOURCES.txt'
writing manifest file '../../build/particle_filter_localisation/particle_filter_localisation.egg-info/SOURCES.txt'
running build
running build_py
running install
running install_lib
running install_data
running install_egg_info
removing '/home/student/git/Space-Robotics/install/particle_filter_localisation/lib/python3.10/site-packages/particle_filter_localisation-0.0.0-py3.10.egg-info' (and everything under it)
Copying ../../build/particle_filter_localisation/particle_filter_localisation.egg-info to /home/student/git/Space-Robotics/install/particle_filter_localisation/lib/python3.10/site-packages/particle_filter_localisation-0.0.0-py3.10.egg-info
running install_scripts
Installing mock_magnetometer script to /home/student/git/Space-Robotics/install/particle_filter_localisation/lib/particle_filter_localisation
Installing particle_filter_localisation script to /home/student/git/Space-Robotics/install/particle_filter_localisation/lib/particle_filter_localisation
Installing visual_terrain_sensor script to /home/student/git/Space-Robotics/install/particle_filter_localisation/lib/particle_filter_localisation
writing list of installed files to '/home/student/git/Space-Robotics/build/particle_filter_localisation/install.log'
