running egg_info
creating ../../build/particle_filter_localisation/particle_filter_localisation.egg-info
writing ../../build/particle_filter_localisation/particle_filter_localisation.egg-info/PKG-INFO
writing dependency_links to ../../build/particle_filter_localisation/particle_filter_localisation.egg-info/dependency_links.txt
writing entry points to ../../build/particle_filter_localisation/particle_filter_localisation.egg-info/entry_points.txt
writing requirements to ../../build/particle_filter_localisation/particle_filter_localisation.egg-info/requires.txt
writing top-level names to ../../build/particle_filter_localisation/particle_filter_localisation.egg-info/top_level.txt
writing manifest file '../../build/particle_filter_localisation/particle_filter_localisation.egg-info/SOURCES.txt'
reading manifest file '../../build/particle_filter_localisation/particle_filter_localisation.egg-info/SOURCES.txt'
writing manifest file '../../build/particle_filter_localisation/particle_filter_localisation.egg-info/SOURCES.txt'
running build
running build_py
creating /home/student/git/Space-Robotics/build/particle_filter_localisation/build
creating /home/student/git/Space-Robotics/build/particle_filter_localisation/build/lib
creating /home/student/git/Space-Robotics/build/particle_filter_localisation/build/lib/particle_filter_localisation
copying particle_filter_localisation/particle_filter_localisation.py -> /home/student/git/Space-Robotics/build/particle_filter_localisation/build/lib/particle_filter_localisation
copying particle_filter_localisation/mock_magnetometer.py -> /home/student/git/Space-Robotics/build/particle_filter_localisation/build/lib/particle_filter_localisation
copying particle_filter_localisation/distance_transform.py -> /home/student/git/Space-Robotics/build/particle_filter_localisation/build/lib/particle_filter_localisation
copying particle_filter_localisation/visual_terrain_sensor.py -> /home/student/git/Space-Robotics/build/particle_filter_localisation/build/lib/particle_filter_localisation
copying particle_filter_localisation/__init__.py -> /home/student/git/Space-Robotics/build/particle_filter_localisation/build/lib/particle_filter_localisation
running install
running install_lib
creating /home/student/git/Space-Robotics/install/particle_filter_localisation/lib/python3.10/site-packages/particle_filter_localisation
copying /home/student/git/Space-Robotics/build/particle_filter_localisation/build/lib/particle_filter_localisation/particle_filter_localisation.py -> /home/student/git/Space-Robotics/install/particle_filter_localisation/lib/python3.10/site-packages/particle_filter_localisation
copying /home/student/git/Space-Robotics/build/particle_filter_localisation/build/lib/particle_filter_localisation/mock_magnetometer.py -> /home/student/git/Space-Robotics/install/particle_filter_localisation/lib/python3.10/site-packages/particle_filter_localisation
copying /home/student/git/Space-Robotics/build/particle_filter_localisation/build/lib/particle_filter_localisation/distance_transform.py -> /home/student/git/Space-Robotics/install/particle_filter_localisation/lib/python3.10/site-packages/particle_filter_localisation
copying /home/student/git/Space-Robotics/build/particle_filter_localisation/build/lib/particle_filter_localisation/visual_terrain_sensor.py -> /home/student/git/Space-Robotics/install/particle_filter_localisation/lib/python3.10/site-packages/particle_filter_localisation
copying /home/student/git/Space-Robotics/build/particle_filter_localisation/build/lib/particle_filter_localisation/__init__.py -> /home/student/git/Space-Robotics/install/particle_filter_localisation/lib/python3.10/site-packages/particle_filter_localisation
byte-compiling /home/student/git/Space-Robotics/install/particle_filter_localisation/lib/python3.10/site-packages/particle_filter_localisation/particle_filter_localisation.py to particle_filter_localisation.cpython-310.pyc
byte-compiling /home/student/git/Space-Robotics/install/particle_filter_localisation/lib/python3.10/site-packages/particle_filter_localisation/mock_magnetometer.py to mock_magnetometer.cpython-310.pyc
byte-compiling /home/student/git/Space-Robotics/install/particle_filter_localisation/lib/python3.10/site-packages/particle_filter_localisation/distance_transform.py to distance_transform.cpython-310.pyc
byte-compiling /home/student/git/Space-Robotics/install/particle_filter_localisation/lib/python3.10/site-packages/particle_filter_localisation/visual_terrain_sensor.py to visual_terrain_sensor.cpython-310.pyc
byte-compiling /home/student/git/Space-Robotics/install/particle_filter_localisation/lib/python3.10/site-packages/particle_filter_localisation/__init__.py to __init__.cpython-310.pyc
running install_data
creating /home/student/git/Space-Robotics/install/particle_filter_localisation/share/ament_index
creating /home/student/git/Space-Robotics/install/particle_filter_localisation/share/ament_index/resource_index
creating /home/student/git/Space-Robotics/install/particle_filter_localisation/share/ament_index/resource_index/packages
copying resource/particle_filter_localisation -> /home/student/git/Space-Robotics/install/particle_filter_localisation/share/ament_index/resource_index/packages
copying package.xml -> /home/student/git/Space-Robotics/install/particle_filter_localisation/share/particle_filter_localisation
creating /home/student/git/Space-Robotics/install/particle_filter_localisation/share/particle_filter_localisation/launch
copying launch/particle_filter_localisation_launch.py -> /home/student/git/Space-Robotics/install/particle_filter_localisation/share/particle_filter_localisation/launch
creating /home/student/git/Space-Robotics/install/particle_filter_localisation/share/particle_filter_localisation/config
copying config/visualisation.rviz -> /home/student/git/Space-Robotics/install/particle_filter_localisation/share/particle_filter_localisation/config
creating /home/student/git/Space-Robotics/install/particle_filter_localisation/share/particle_filter_localisation/world_data
copying world_data/marsyard2022_peaks.bmp -> /home/student/git/Space-Robotics/install/particle_filter_localisation/share/particle_filter_localisation/world_data
copying world_data/marsyard2022_class_coloured.bmp -> /home/student/git/Space-Robotics/install/particle_filter_localisation/share/particle_filter_localisation/world_data
copying world_data/marsyard2022_map.world -> /home/student/git/Space-Robotics/install/particle_filter_localisation/share/particle_filter_localisation/world_data
copying world_data/marsyard2022_class.bmp -> /home/student/git/Space-Robotics/install/particle_filter_localisation/share/particle_filter_localisation/world_data
copying world_data/marsyard2022_peaks_list.csv -> /home/student/git/Space-Robotics/install/particle_filter_localisation/share/particle_filter_localisation/world_data
copying world_data/marsyard2022_height.bmp -> /home/student/git/Space-Robotics/install/particle_filter_localisation/share/particle_filter_localisation/world_data
copying world_data/marsyard2022_obstacles.bmp -> /home/student/git/Space-Robotics/install/particle_filter_localisation/share/particle_filter_localisation/world_data
copying world_data/marsyard2022_parameters.yaml -> /home/student/git/Space-Robotics/install/particle_filter_localisation/share/particle_filter_localisation/world_data
copying world_data/marsyard2022.yaml -> /home/student/git/Space-Robotics/install/particle_filter_localisation/share/particle_filter_localisation/world_data
copying world_data/marsyard2022_texture_downsample.bmp -> /home/student/git/Space-Robotics/install/particle_filter_localisation/share/particle_filter_localisation/world_data
running install_egg_info
Copying ../../build/particle_filter_localisation/particle_filter_localisation.egg-info to /home/student/git/Space-Robotics/install/particle_filter_localisation/lib/python3.10/site-packages/particle_filter_localisation-0.0.0-py3.10.egg-info
running install_scripts
Installing mock_magnetometer script to /home/student/git/Space-Robotics/install/particle_filter_localisation/lib/particle_filter_localisation
Installing particle_filter_localisation script to /home/student/git/Space-Robotics/install/particle_filter_localisation/lib/particle_filter_localisation
Installing visual_terrain_sensor script to /home/student/git/Space-Robotics/install/particle_filter_localisation/lib/particle_filter_localisation
writing list of installed files to '/home/student/git/Space-Robotics/build/particle_filter_localisation/install.log'
