[1.010s] Invoking command in '/home/student/git/Space-Robotics/particle_filter_localisation-4/particle_filter_localisation': PYTHONPATH=/home/student/git/Space-Robotics/build/particle_filter_localisation/prefix_override:/usr/lib/python3/dist-packages/colcon_core/task/python/colcon_distutils_commands:/home/student/git/Space-Robotics/install/particle_filter_localisation/lib/python3.10/site-packages:${PYTHONPATH} /usr/bin/python3 -W ignore:setup.py install is deprecated -W ignore:easy_install command is deprecated setup.py egg_info --egg-base ../../build/particle_filter_localisation build --build-base /home/student/git/Space-Robotics/build/particle_filter_localisation/build install --record /home/student/git/Space-Robotics/build/particle_filter_localisation/install.log --single-version-externally-managed install_data
[1.376s] running egg_info
[1.376s] creating ../../build/particle_filter_localisation/particle_filter_localisation.egg-info
[1.377s] writing ../../build/particle_filter_localisation/particle_filter_localisation.egg-info/PKG-INFO
[1.377s] writing dependency_links to ../../build/particle_filter_localisation/particle_filter_localisation.egg-info/dependency_links.txt
[1.377s] writing entry points to ../../build/particle_filter_localisation/particle_filter_localisation.egg-info/entry_points.txt
[1.377s] writing requirements to ../../build/particle_filter_localisation/particle_filter_localisation.egg-info/requires.txt
[1.377s] writing top-level names to ../../build/particle_filter_localisation/particle_filter_localisation.egg-info/top_level.txt
[1.377s] writing manifest file '../../build/particle_filter_localisation/particle_filter_localisation.egg-info/SOURCES.txt'
[1.379s] reading manifest file '../../build/particle_filter_localisation/particle_filter_localisation.egg-info/SOURCES.txt'
[1.380s] writing manifest file '../../build/particle_filter_localisation/particle_filter_localisation.egg-info/SOURCES.txt'
[1.380s] running build
[1.380s] running build_py
[1.381s] creating /home/student/git/Space-Robotics/build/particle_filter_localisation/build
[1.381s] creating /home/student/git/Space-Robotics/build/particle_filter_localisation/build/lib
[1.381s] creating /home/student/git/Space-Robotics/build/particle_filter_localisation/build/lib/particle_filter_localisation
[1.381s] copying particle_filter_localisation/particle_filter_localisation.py -> /home/student/git/Space-Robotics/build/particle_filter_localisation/build/lib/particle_filter_localisation
[1.381s] copying particle_filter_localisation/mock_magnetometer.py -> /home/student/git/Space-Robotics/build/particle_filter_localisation/build/lib/particle_filter_localisation
[1.381s] copying particle_filter_localisation/distance_transform.py -> /home/student/git/Space-Robotics/build/particle_filter_localisation/build/lib/particle_filter_localisation
[1.381s] copying particle_filter_localisation/visual_terrain_sensor.py -> /home/student/git/Space-Robotics/build/particle_filter_localisation/build/lib/particle_filter_localisation
[1.382s] copying particle_filter_localisation/__init__.py -> /home/student/git/Space-Robotics/build/particle_filter_localisation/build/lib/particle_filter_localisation
[1.382s] running install
[1.382s] running install_lib
[1.382s] creating /home/student/git/Space-Robotics/install/particle_filter_localisation/lib/python3.10/site-packages/particle_filter_localisation
[1.383s] copying /home/student/git/Space-Robotics/build/particle_filter_localisation/build/lib/particle_filter_localisation/particle_filter_localisation.py -> /home/student/git/Space-Robotics/install/particle_filter_localisation/lib/python3.10/site-packages/particle_filter_localisation
[1.383s] copying /home/student/git/Space-Robotics/build/particle_filter_localisation/build/lib/particle_filter_localisation/mock_magnetometer.py -> /home/student/git/Space-Robotics/install/particle_filter_localisation/lib/python3.10/site-packages/particle_filter_localisation
[1.383s] copying /home/student/git/Space-Robotics/build/particle_filter_localisation/build/lib/particle_filter_localisation/distance_transform.py -> /home/student/git/Space-Robotics/install/particle_filter_localisation/lib/python3.10/site-packages/particle_filter_localisation
[1.383s] copying /home/student/git/Space-Robotics/build/particle_filter_localisation/build/lib/particle_filter_localisation/visual_terrain_sensor.py -> /home/student/git/Space-Robotics/install/particle_filter_localisation/lib/python3.10/site-packages/particle_filter_localisation
[1.383s] copying /home/student/git/Space-Robotics/build/particle_filter_localisation/build/lib/particle_filter_localisation/__init__.py -> /home/student/git/Space-Robotics/install/particle_filter_localisation/lib/python3.10/site-packages/particle_filter_localisation
[1.384s] byte-compiling /home/student/git/Space-Robotics/install/particle_filter_localisation/lib/python3.10/site-packages/particle_filter_localisation/particle_filter_localisation.py to particle_filter_localisation.cpython-310.pyc
[1.392s] byte-compiling /home/student/git/Space-Robotics/install/particle_filter_localisation/lib/python3.10/site-packages/particle_filter_localisation/mock_magnetometer.py to mock_magnetometer.cpython-310.pyc
[1.392s] byte-compiling /home/student/git/Space-Robotics/install/particle_filter_localisation/lib/python3.10/site-packages/particle_filter_localisation/distance_transform.py to distance_transform.cpython-310.pyc
[1.392s] byte-compiling /home/student/git/Space-Robotics/install/particle_filter_localisation/lib/python3.10/site-packages/particle_filter_localisation/visual_terrain_sensor.py to visual_terrain_sensor.cpython-310.pyc
[1.393s] byte-compiling /home/student/git/Space-Robotics/install/particle_filter_localisation/lib/python3.10/site-packages/particle_filter_localisation/__init__.py to __init__.cpython-310.pyc
[1.393s] running install_data
[1.393s] creating /home/student/git/Space-Robotics/install/particle_filter_localisation/share/ament_index
[1.394s] creating /home/student/git/Space-Robotics/install/particle_filter_localisation/share/ament_index/resource_index
[1.394s] creating /home/student/git/Space-Robotics/install/particle_filter_localisation/share/ament_index/resource_index/packages
[1.394s] copying resource/particle_filter_localisation -> /home/student/git/Space-Robotics/install/particle_filter_localisation/share/ament_index/resource_index/packages
[1.394s] copying package.xml -> /home/student/git/Space-Robotics/install/particle_filter_localisation/share/particle_filter_localisation
[1.394s] creating /home/student/git/Space-Robotics/install/particle_filter_localisation/share/particle_filter_localisation/launch
[1.394s] copying launch/particle_filter_localisation_launch.py -> /home/student/git/Space-Robotics/install/particle_filter_localisation/share/particle_filter_localisation/launch
[1.394s] creating /home/student/git/Space-Robotics/install/particle_filter_localisation/share/particle_filter_localisation/config
[1.394s] copying config/visualisation.rviz -> /home/student/git/Space-Robotics/install/particle_filter_localisation/share/particle_filter_localisation/config
[1.402s] creating /home/student/git/Space-Robotics/install/particle_filter_localisation/share/particle_filter_localisation/world_data
[1.402s] copying world_data/marsyard2022_peaks.bmp -> /home/student/git/Space-Robotics/install/particle_filter_localisation/share/particle_filter_localisation/world_data
[1.402s] copying world_data/marsyard2022_class_coloured.bmp -> /home/student/git/Space-Robotics/install/particle_filter_localisation/share/particle_filter_localisation/world_data
[1.422s] copying world_data/marsyard2022_map.world -> /home/student/git/Space-Robotics/install/particle_filter_localisation/share/particle_filter_localisation/world_data
[1.422s] copying world_data/marsyard2022_class.bmp -> /home/student/git/Space-Robotics/install/particle_filter_localisation/share/particle_filter_localisation/world_data
[1.422s] copying world_data/marsyard2022_peaks_list.csv -> /home/student/git/Space-Robotics/install/particle_filter_localisation/share/particle_filter_localisation/world_data
[1.422s] copying world_data/marsyard2022_height.bmp -> /home/student/git/Space-Robotics/install/particle_filter_localisation/share/particle_filter_localisation/world_data
[1.422s] copying world_data/marsyard2022_obstacles.bmp -> /home/student/git/Space-Robotics/install/particle_filter_localisation/share/particle_filter_localisation/world_data
[1.428s] copying world_data/marsyard2022_parameters.yaml -> /home/student/git/Space-Robotics/install/particle_filter_localisation/share/particle_filter_localisation/world_data
[1.428s] copying world_data/marsyard2022.yaml -> /home/student/git/Space-Robotics/install/particle_filter_localisation/share/particle_filter_localisation/world_data
[1.428s] copying world_data/marsyard2022_texture_downsample.bmp -> /home/student/git/Space-Robotics/install/particle_filter_localisation/share/particle_filter_localisation/world_data
[1.438s] running install_egg_info
[1.440s] Copying ../../build/particle_filter_localisation/particle_filter_localisation.egg-info to /home/student/git/Space-Robotics/install/particle_filter_localisation/lib/python3.10/site-packages/particle_filter_localisation-0.0.0-py3.10.egg-info
[1.441s] running install_scripts
[1.473s] Installing mock_magnetometer script to /home/student/git/Space-Robotics/install/particle_filter_localisation/lib/particle_filter_localisation
[1.473s] Installing particle_filter_localisation script to /home/student/git/Space-Robotics/install/particle_filter_localisation/lib/particle_filter_localisation
[1.473s] Installing visual_terrain_sensor script to /home/student/git/Space-Robotics/install/particle_filter_localisation/lib/particle_filter_localisation
[1.473s] writing list of installed files to '/home/student/git/Space-Robotics/build/particle_filter_localisation/install.log'
[1.509s] Invoked command in '/home/student/git/Space-Robotics/particle_filter_localisation-4/particle_filter_localisation' returned '0': PYTHONPATH=/home/student/git/Space-Robotics/build/particle_filter_localisation/prefix_override:/usr/lib/python3/dist-packages/colcon_core/task/python/colcon_distutils_commands:/home/student/git/Space-Robotics/install/particle_filter_localisation/lib/python3.10/site-packages:${PYTHONPATH} /usr/bin/python3 -W ignore:setup.py install is deprecated -W ignore:easy_install command is deprecated setup.py egg_info --egg-base ../../build/particle_filter_localisation build --build-base /home/student/git/Space-Robotics/build/particle_filter_localisation/build install --record /home/student/git/Space-Robotics/build/particle_filter_localisation/install.log --single-version-externally-managed install_data
