/home/student/ros_ws/src/particle_filter_localisation/install/particle_filter_localisation/lib/python3.10/site-packages/particle_filter_localisation/particle_filter_localisation.py
/home/student/ros_ws/src/particle_filter_localisation/install/particle_filter_localisation/lib/python3.10/site-packages/particle_filter_localisation/mock_magnetometer.py
/home/student/ros_ws/src/particle_filter_localisation/install/particle_filter_localisation/lib/python3.10/site-packages/particle_filter_localisation/distance_transform.py
/home/student/ros_ws/src/particle_filter_localisation/install/particle_filter_localisation/lib/python3.10/site-packages/particle_filter_localisation/visual_terrain_sensor.py
/home/student/ros_ws/src/particle_filter_localisation/install/particle_filter_localisation/lib/python3.10/site-packages/particle_filter_localisation/__init__.py
/home/student/ros_ws/src/particle_filter_localisation/install/particle_filter_localisation/lib/python3.10/site-packages/particle_filter_localisation/__pycache__/particle_filter_localisation.cpython-310.pyc
/home/student/ros_ws/src/particle_filter_localisation/install/particle_filter_localisation/lib/python3.10/site-packages/particle_filter_localisation/__pycache__/mock_magnetometer.cpython-310.pyc
/home/student/ros_ws/src/particle_filter_localisation/install/particle_filter_localisation/lib/python3.10/site-packages/particle_filter_localisation/__pycache__/distance_transform.cpython-310.pyc
/home/student/ros_ws/src/particle_filter_localisation/install/particle_filter_localisation/lib/python3.10/site-packages/particle_filter_localisation/__pycache__/visual_terrain_sensor.cpython-310.pyc
/home/student/ros_ws/src/particle_filter_localisation/install/particle_filter_localisation/lib/python3.10/site-packages/particle_filter_localisation/__pycache__/__init__.cpython-310.pyc
/home/student/ros_ws/src/particle_filter_localisation/install/particle_filter_localisation/share/ament_index/resource_index/packages/particle_filter_localisation
/home/student/ros_ws/src/particle_filter_localisation/install/particle_filter_localisation/share/particle_filter_localisation/package.xml
/home/student/ros_ws/src/particle_filter_localisation/install/particle_filter_localisation/share/particle_filter_localisation/launch/particle_filter_localisation_launch.py
/home/student/ros_ws/src/particle_filter_localisation/install/particle_filter_localisation/share/particle_filter_localisation/config/visualisation.rviz
/home/student/ros_ws/src/particle_filter_localisation/install/particle_filter_localisation/share/particle_filter_localisation/world_data/marsyard2022_peaks.bmp
/home/student/ros_ws/src/particle_filter_localisation/install/particle_filter_localisation/share/particle_filter_localisation/world_data/marsyard2022_class_coloured.bmp
/home/student/ros_ws/src/particle_filter_localisation/install/particle_filter_localisation/share/particle_filter_localisation/world_data/marsyard2022_map.world
/home/student/ros_ws/src/particle_filter_localisation/install/particle_filter_localisation/share/particle_filter_localisation/world_data/marsyard2022_class.bmp
/home/student/ros_ws/src/particle_filter_localisation/install/particle_filter_localisation/share/particle_filter_localisation/world_data/marsyard2022_peaks_list.csv
/home/student/ros_ws/src/particle_filter_localisation/install/particle_filter_localisation/share/particle_filter_localisation/world_data/marsyard2022_height.bmp
/home/student/ros_ws/src/particle_filter_localisation/install/particle_filter_localisation/share/particle_filter_localisation/world_data/marsyard2022_obstacles.bmp
/home/student/ros_ws/src/particle_filter_localisation/install/particle_filter_localisation/share/particle_filter_localisation/world_data/marsyard2022_parameters.yaml
/home/student/ros_ws/src/particle_filter_localisation/install/particle_filter_localisation/share/particle_filter_localisation/world_data/marsyard2022.yaml
/home/student/ros_ws/src/particle_filter_localisation/install/particle_filter_localisation/share/particle_filter_localisation/world_data/marsyard2022_texture_downsample.bmp
/home/student/ros_ws/src/particle_filter_localisation/install/particle_filter_localisation/lib/python3.10/site-packages/particle_filter_localisation-0.0.0-py3.10.egg-info/PKG-INFO
/home/student/ros_ws/src/particle_filter_localisation/install/particle_filter_localisation/lib/python3.10/site-packages/particle_filter_localisation-0.0.0-py3.10.egg-info/SOURCES.txt
/home/student/ros_ws/src/particle_filter_localisation/install/particle_filter_localisation/lib/python3.10/site-packages/particle_filter_localisation-0.0.0-py3.10.egg-info/dependency_links.txt
/home/student/ros_ws/src/particle_filter_localisation/install/particle_filter_localisation/lib/python3.10/site-packages/particle_filter_localisation-0.0.0-py3.10.egg-info/entry_points.txt
/home/student/ros_ws/src/particle_filter_localisation/install/particle_filter_localisation/lib/python3.10/site-packages/particle_filter_localisation-0.0.0-py3.10.egg-info/top_level.txt
/home/student/ros_ws/src/particle_filter_localisation/install/particle_filter_localisation/lib/python3.10/site-packages/particle_filter_localisation-0.0.0-py3.10.egg-info/requires.txt
/home/student/ros_ws/src/particle_filter_localisation/install/particle_filter_localisation/lib/python3.10/site-packages/particle_filter_localisation-0.0.0-py3.10.egg-info/zip-safe
/home/student/ros_ws/src/particle_filter_localisation/install/particle_filter_localisation/lib/particle_filter_localisation/mock_magnetometer
/home/student/ros_ws/src/particle_filter_localisation/install/particle_filter_localisation/lib/particle_filter_localisation/particle_filter_localisation
/home/student/ros_ws/src/particle_filter_localisation/install/particle_filter_localisation/lib/particle_filter_localisation/visual_terrain_sensor
