[0.753s] Invoking command in '/home/student/ros_ws/src/particle_filter_localisation': PYTHONPATH=/home/student/ros_ws/src/particle_filter_localisation/build/particle_filter_localisation/prefix_override:/usr/lib/python3/dist-packages/colcon_core/task/python/colcon_distutils_commands:/home/student/ros_ws/src/particle_filter_localisation/install/particle_filter_localisation/lib/python3.10/site-packages:${PYTHONPATH} /usr/bin/python3 -W ignore:setup.py install is deprecated -W ignore:easy_install command is deprecated setup.py egg_info --egg-base build/particle_filter_localisation build --build-base /home/student/ros_ws/src/particle_filter_localisation/build/particle_filter_localisation/build install --record /home/student/ros_ws/src/particle_filter_localisation/build/particle_filter_localisation/install.log --single-version-externally-managed install_data
[1.030s] running egg_info
[1.031s] writing build/particle_filter_localisation/particle_filter_localisation.egg-info/PKG-INFO
[1.031s] writing dependency_links to build/particle_filter_localisation/particle_filter_localisation.egg-info/dependency_links.txt
[1.032s] writing entry points to build/particle_filter_localisation/particle_filter_localisation.egg-info/entry_points.txt
[1.032s] writing requirements to build/particle_filter_localisation/particle_filter_localisation.egg-info/requires.txt
[1.032s] writing top-level names to build/particle_filter_localisation/particle_filter_localisation.egg-info/top_level.txt
[1.034s] reading manifest file 'build/particle_filter_localisation/particle_filter_localisation.egg-info/SOURCES.txt'
[1.035s] writing manifest file 'build/particle_filter_localisation/particle_filter_localisation.egg-info/SOURCES.txt'
[1.035s] running build
[1.035s] running build_py
[1.036s] running install
[1.036s] running install_lib
[1.038s] running install_data
[1.038s] running install_egg_info
[1.040s] removing '/home/student/ros_ws/src/particle_filter_localisation/install/particle_filter_localisation/lib/python3.10/site-packages/particle_filter_localisation-0.0.0-py3.10.egg-info' (and everything under it)
[1.040s] Copying build/particle_filter_localisation/particle_filter_localisation.egg-info to /home/student/ros_ws/src/particle_filter_localisation/install/particle_filter_localisation/lib/python3.10/site-packages/particle_filter_localisation-0.0.0-py3.10.egg-info
[1.041s] running install_scripts
[1.067s] Installing mock_magnetometer script to /home/student/ros_ws/src/particle_filter_localisation/install/particle_filter_localisation/lib/particle_filter_localisation
[1.067s] Installing particle_filter_localisation script to /home/student/ros_ws/src/particle_filter_localisation/install/particle_filter_localisation/lib/particle_filter_localisation
[1.067s] Installing visual_terrain_sensor script to /home/student/ros_ws/src/particle_filter_localisation/install/particle_filter_localisation/lib/particle_filter_localisation
[1.067s] writing list of installed files to '/home/student/ros_ws/src/particle_filter_localisation/build/particle_filter_localisation/install.log'
[1.105s] Invoked command in '/home/student/ros_ws/src/particle_filter_localisation' returned '0': PYTHONPATH=/home/student/ros_ws/src/particle_filter_localisation/build/particle_filter_localisation/prefix_override:/usr/lib/python3/dist-packages/colcon_core/task/python/colcon_distutils_commands:/home/student/ros_ws/src/particle_filter_localisation/install/particle_filter_localisation/lib/python3.10/site-packages:${PYTHONPATH} /usr/bin/python3 -W ignore:setup.py install is deprecated -W ignore:easy_install command is deprecated setup.py egg_info --egg-base build/particle_filter_localisation build --build-base /home/student/ros_ws/src/particle_filter_localisation/build/particle_filter_localisation/build install --record /home/student/ros_ws/src/particle_filter_localisation/build/particle_filter_localisation/install.log --single-version-externally-managed install_data
