[0.710s] Invoking command in '/home/student/ros_ws/src/particle_filter_localisation': PYTHONPATH=/home/student/ros_ws/src/particle_filter_localisation/build/particle_filter_localisation/prefix_override:/usr/lib/python3/dist-packages/colcon_core/task/python/colcon_distutils_commands:/home/student/ros_ws/src/particle_filter_localisation/install/particle_filter_localisation/lib/python3.10/site-packages:${PYTHONPATH} /usr/bin/python3 -W ignore:setup.py install is deprecated -W ignore:easy_install command is deprecated setup.py egg_info --egg-base build/particle_filter_localisation build --build-base /home/student/ros_ws/src/particle_filter_localisation/build/particle_filter_localisation/build install --record /home/student/ros_ws/src/particle_filter_localisation/build/particle_filter_localisation/install.log --single-version-externally-managed install_data
[0.975s] running egg_info
[0.976s] writing build/particle_filter_localisation/particle_filter_localisation.egg-info/PKG-INFO
[0.976s] writing dependency_links to build/particle_filter_localisation/particle_filter_localisation.egg-info/dependency_links.txt
[0.976s] writing entry points to build/particle_filter_localisation/particle_filter_localisation.egg-info/entry_points.txt
[0.977s] writing requirements to build/particle_filter_localisation/particle_filter_localisation.egg-info/requires.txt
[0.977s] writing top-level names to build/particle_filter_localisation/particle_filter_localisation.egg-info/top_level.txt
[0.979s] reading manifest file 'build/particle_filter_localisation/particle_filter_localisation.egg-info/SOURCES.txt'
[0.980s] writing manifest file 'build/particle_filter_localisation/particle_filter_localisation.egg-info/SOURCES.txt'
[0.980s] running build
[0.981s] running build_py
[0.981s] copying particle_filter_localisation/particle_filter_localisation.py -> /home/student/ros_ws/src/particle_filter_localisation/build/particle_filter_localisation/build/lib/particle_filter_localisation
[0.981s] running install
[0.982s] running install_lib
[0.982s] copying /home/student/ros_ws/src/particle_filter_localisation/build/particle_filter_localisation/build/lib/particle_filter_localisation/particle_filter_localisation.py -> /home/student/ros_ws/src/particle_filter_localisation/install/particle_filter_localisation/lib/python3.10/site-packages/particle_filter_localisation
[0.983s] byte-compiling /home/student/ros_ws/src/particle_filter_localisation/install/particle_filter_localisation/lib/python3.10/site-packages/particle_filter_localisation/particle_filter_localisation.py to particle_filter_localisation.cpython-310.pyc
[0.988s] running install_data
[0.989s] running install_egg_info
[0.990s] removing '/home/student/ros_ws/src/particle_filter_localisation/install/particle_filter_localisation/lib/python3.10/site-packages/particle_filter_localisation-0.0.0-py3.10.egg-info' (and everything under it)
[0.991s] Copying build/particle_filter_localisation/particle_filter_localisation.egg-info to /home/student/ros_ws/src/particle_filter_localisation/install/particle_filter_localisation/lib/python3.10/site-packages/particle_filter_localisation-0.0.0-py3.10.egg-info
[0.992s] running install_scripts
[1.016s] Installing mock_magnetometer script to /home/student/ros_ws/src/particle_filter_localisation/install/particle_filter_localisation/lib/particle_filter_localisation
[1.016s] Installing particle_filter_localisation script to /home/student/ros_ws/src/particle_filter_localisation/install/particle_filter_localisation/lib/particle_filter_localisation
[1.016s] Installing visual_terrain_sensor script to /home/student/ros_ws/src/particle_filter_localisation/install/particle_filter_localisation/lib/particle_filter_localisation
[1.017s] writing list of installed files to '/home/student/ros_ws/src/particle_filter_localisation/build/particle_filter_localisation/install.log'
[1.047s] Invoked command in '/home/student/ros_ws/src/particle_filter_localisation' returned '0': PYTHONPATH=/home/student/ros_ws/src/particle_filter_localisation/build/particle_filter_localisation/prefix_override:/usr/lib/python3/dist-packages/colcon_core/task/python/colcon_distutils_commands:/home/student/ros_ws/src/particle_filter_localisation/install/particle_filter_localisation/lib/python3.10/site-packages:${PYTHONPATH} /usr/bin/python3 -W ignore:setup.py install is deprecated -W ignore:easy_install command is deprecated setup.py egg_info --egg-base build/particle_filter_localisation build --build-base /home/student/ros_ws/src/particle_filter_localisation/build/particle_filter_localisation/build install --record /home/student/ros_ws/src/particle_filter_localisation/build/particle_filter_localisation/install.log --single-version-externally-managed install_data
