[0.752s] Invoking command in '/home/student/ros_ws/src/particle_filter_localisation': PYTHONPATH=/home/student/ros_ws/src/particle_filter_localisation/build/particle_filter_localisation/prefix_override:/usr/lib/python3/dist-packages/colcon_core/task/python/colcon_distutils_commands:/home/student/ros_ws/src/particle_filter_localisation/install/particle_filter_localisation/lib/python3.10/site-packages:${PYTHONPATH} /usr/bin/python3 -W ignore:setup.py install is deprecated -W ignore:easy_install command is deprecated setup.py egg_info --egg-base build/particle_filter_localisation build --build-base /home/student/ros_ws/src/particle_filter_localisation/build/particle_filter_localisation/build install --record /home/student/ros_ws/src/particle_filter_localisation/build/particle_filter_localisation/install.log --single-version-externally-managed install_data
[1.024s] running egg_info
[1.025s] creating build/particle_filter_localisation/particle_filter_localisation.egg-info
[1.025s] writing build/particle_filter_localisation/particle_filter_localisation.egg-info/PKG-INFO
[1.025s] writing dependency_links to build/particle_filter_localisation/particle_filter_localisation.egg-info/dependency_links.txt
[1.026s] writing entry points to build/particle_filter_localisation/particle_filter_localisation.egg-info/entry_points.txt
[1.026s] writing requirements to build/particle_filter_localisation/particle_filter_localisation.egg-info/requires.txt
[1.026s] writing top-level names to build/particle_filter_localisation/particle_filter_localisation.egg-info/top_level.txt
[1.026s] writing manifest file 'build/particle_filter_localisation/particle_filter_localisation.egg-info/SOURCES.txt'
[1.028s] reading manifest file 'build/particle_filter_localisation/particle_filter_localisation.egg-info/SOURCES.txt'
[1.029s] writing manifest file 'build/particle_filter_localisation/particle_filter_localisation.egg-info/SOURCES.txt'
[1.029s] running build
[1.029s] running build_py
[1.030s] creating /home/student/ros_ws/src/particle_filter_localisation/build/particle_filter_localisation/build
[1.030s] creating /home/student/ros_ws/src/particle_filter_localisation/build/particle_filter_localisation/build/lib
[1.030s] creating /home/student/ros_ws/src/particle_filter_localisation/build/particle_filter_localisation/build/lib/particle_filter_localisation
[1.030s] copying particle_filter_localisation/particle_filter_localisation.py -> /home/student/ros_ws/src/particle_filter_localisation/build/particle_filter_localisation/build/lib/particle_filter_localisation
[1.030s] copying particle_filter_localisation/mock_magnetometer.py -> /home/student/ros_ws/src/particle_filter_localisation/build/particle_filter_localisation/build/lib/particle_filter_localisation
[1.030s] copying particle_filter_localisation/distance_transform.py -> /home/student/ros_ws/src/particle_filter_localisation/build/particle_filter_localisation/build/lib/particle_filter_localisation
[1.030s] copying particle_filter_localisation/visual_terrain_sensor.py -> /home/student/ros_ws/src/particle_filter_localisation/build/particle_filter_localisation/build/lib/particle_filter_localisation
[1.030s] copying particle_filter_localisation/__init__.py -> /home/student/ros_ws/src/particle_filter_localisation/build/particle_filter_localisation/build/lib/particle_filter_localisation
[1.031s] running install
[1.031s] running install_lib
[1.031s] creating /home/student/ros_ws/src/particle_filter_localisation/install/particle_filter_localisation/lib/python3.10/site-packages/particle_filter_localisation
[1.032s] copying /home/student/ros_ws/src/particle_filter_localisation/build/particle_filter_localisation/build/lib/particle_filter_localisation/particle_filter_localisation.py -> /home/student/ros_ws/src/particle_filter_localisation/install/particle_filter_localisation/lib/python3.10/site-packages/particle_filter_localisation
[1.032s] copying /home/student/ros_ws/src/particle_filter_localisation/build/particle_filter_localisation/build/lib/particle_filter_localisation/mock_magnetometer.py -> /home/student/ros_ws/src/particle_filter_localisation/install/particle_filter_localisation/lib/python3.10/site-packages/particle_filter_localisation
[1.032s] copying /home/student/ros_ws/src/particle_filter_localisation/build/particle_filter_localisation/build/lib/particle_filter_localisation/distance_transform.py -> /home/student/ros_ws/src/particle_filter_localisation/install/particle_filter_localisation/lib/python3.10/site-packages/particle_filter_localisation
[1.032s] copying /home/student/ros_ws/src/particle_filter_localisation/build/particle_filter_localisation/build/lib/particle_filter_localisation/visual_terrain_sensor.py -> /home/student/ros_ws/src/particle_filter_localisation/install/particle_filter_localisation/lib/python3.10/site-packages/particle_filter_localisation
[1.032s] copying /home/student/ros_ws/src/particle_filter_localisation/build/particle_filter_localisation/build/lib/particle_filter_localisation/__init__.py -> /home/student/ros_ws/src/particle_filter_localisation/install/particle_filter_localisation/lib/python3.10/site-packages/particle_filter_localisation
[1.033s] byte-compiling /home/student/ros_ws/src/particle_filter_localisation/install/particle_filter_localisation/lib/python3.10/site-packages/particle_filter_localisation/particle_filter_localisation.py to particle_filter_localisation.cpython-310.pyc
[1.038s] byte-compiling /home/student/ros_ws/src/particle_filter_localisation/install/particle_filter_localisation/lib/python3.10/site-packages/particle_filter_localisation/mock_magnetometer.py to mock_magnetometer.cpython-310.pyc
[1.039s] byte-compiling /home/student/ros_ws/src/particle_filter_localisation/install/particle_filter_localisation/lib/python3.10/site-packages/particle_filter_localisation/distance_transform.py to distance_transform.cpython-310.pyc
[1.039s] byte-compiling /home/student/ros_ws/src/particle_filter_localisation/install/particle_filter_localisation/lib/python3.10/site-packages/particle_filter_localisation/visual_terrain_sensor.py to visual_terrain_sensor.cpython-310.pyc
[1.040s] byte-compiling /home/student/ros_ws/src/particle_filter_localisation/install/particle_filter_localisation/lib/python3.10/site-packages/particle_filter_localisation/__init__.py to __init__.cpython-310.pyc
[1.040s] running install_data
[1.040s] creating /home/student/ros_ws/src/particle_filter_localisation/install/particle_filter_localisation/share/ament_index
[1.041s] creating /home/student/ros_ws/src/particle_filter_localisation/install/particle_filter_localisation/share/ament_index/resource_index
[1.041s] creating /home/student/ros_ws/src/particle_filter_localisation/install/particle_filter_localisation/share/ament_index/resource_index/packages
[1.041s] copying resource/particle_filter_localisation -> /home/student/ros_ws/src/particle_filter_localisation/install/particle_filter_localisation/share/ament_index/resource_index/packages
[1.041s] copying package.xml -> /home/student/ros_ws/src/particle_filter_localisation/install/particle_filter_localisation/share/particle_filter_localisation
[1.041s] creating /home/student/ros_ws/src/particle_filter_localisation/install/particle_filter_localisation/share/particle_filter_localisation/launch
[1.041s] copying launch/particle_filter_localisation_launch.py -> /home/student/ros_ws/src/particle_filter_localisation/install/particle_filter_localisation/share/particle_filter_localisation/launch
[1.041s] creating /home/student/ros_ws/src/particle_filter_localisation/install/particle_filter_localisation/share/particle_filter_localisation/config
[1.041s] copying config/visualisation.rviz -> /home/student/ros_ws/src/particle_filter_localisation/install/particle_filter_localisation/share/particle_filter_localisation/config
[1.041s] creating /home/student/ros_ws/src/particle_filter_localisation/install/particle_filter_localisation/share/particle_filter_localisation/world_data
[1.041s] copying world_data/marsyard2022_peaks.bmp -> /home/student/ros_ws/src/particle_filter_localisation/install/particle_filter_localisation/share/particle_filter_localisation/world_data
[1.053s] copying world_data/marsyard2022_class_coloured.bmp -> /home/student/ros_ws/src/particle_filter_localisation/install/particle_filter_localisation/share/particle_filter_localisation/world_data
[1.060s] copying world_data/marsyard2022_map.world -> /home/student/ros_ws/src/particle_filter_localisation/install/particle_filter_localisation/share/particle_filter_localisation/world_data
[1.060s] copying world_data/marsyard2022_class.bmp -> /home/student/ros_ws/src/particle_filter_localisation/install/particle_filter_localisation/share/particle_filter_localisation/world_data
[1.069s] copying world_data/marsyard2022_peaks_list.csv -> /home/student/ros_ws/src/particle_filter_localisation/install/particle_filter_localisation/share/particle_filter_localisation/world_data
[1.072s] copying world_data/marsyard2022_height.bmp -> /home/student/ros_ws/src/particle_filter_localisation/install/particle_filter_localisation/share/particle_filter_localisation/world_data
[1.081s] copying world_data/marsyard2022_obstacles.bmp -> /home/student/ros_ws/src/particle_filter_localisation/install/particle_filter_localisation/share/particle_filter_localisation/world_data
[1.088s] copying world_data/marsyard2022_parameters.yaml -> /home/student/ros_ws/src/particle_filter_localisation/install/particle_filter_localisation/share/particle_filter_localisation/world_data
[1.088s] copying world_data/marsyard2022.yaml -> /home/student/ros_ws/src/particle_filter_localisation/install/particle_filter_localisation/share/particle_filter_localisation/world_data
[1.088s] copying world_data/marsyard2022_texture_downsample.bmp -> /home/student/ros_ws/src/particle_filter_localisation/install/particle_filter_localisation/share/particle_filter_localisation/world_data
[1.093s] running install_egg_info
[1.096s] Copying build/particle_filter_localisation/particle_filter_localisation.egg-info to /home/student/ros_ws/src/particle_filter_localisation/install/particle_filter_localisation/lib/python3.10/site-packages/particle_filter_localisation-0.0.0-py3.10.egg-info
[1.097s] running install_scripts
[1.123s] Installing mock_magnetometer script to /home/student/ros_ws/src/particle_filter_localisation/install/particle_filter_localisation/lib/particle_filter_localisation
[1.123s] Installing particle_filter_localisation script to /home/student/ros_ws/src/particle_filter_localisation/install/particle_filter_localisation/lib/particle_filter_localisation
[1.124s] Installing visual_terrain_sensor script to /home/student/ros_ws/src/particle_filter_localisation/install/particle_filter_localisation/lib/particle_filter_localisation
[1.124s] writing list of installed files to '/home/student/ros_ws/src/particle_filter_localisation/build/particle_filter_localisation/install.log'
[1.153s] Invoked command in '/home/student/ros_ws/src/particle_filter_localisation' returned '0': PYTHONPATH=/home/student/ros_ws/src/particle_filter_localisation/build/particle_filter_localisation/prefix_override:/usr/lib/python3/dist-packages/colcon_core/task/python/colcon_distutils_commands:/home/student/ros_ws/src/particle_filter_localisation/install/particle_filter_localisation/lib/python3.10/site-packages:${PYTHONPATH} /usr/bin/python3 -W ignore:setup.py install is deprecated -W ignore:easy_install command is deprecated setup.py egg_info --egg-base build/particle_filter_localisation build --build-base /home/student/ros_ws/src/particle_filter_localisation/build/particle_filter_localisation/build install --record /home/student/ros_ws/src/particle_filter_localisation/build/particle_filter_localisation/install.log --single-version-externally-managed install_data
