[0.157s] DEBUG:colcon:Command line arguments: ['/usr/bin/colcon', 'build']
[0.158s] DEBUG:colcon:Parsed command line arguments: Namespace(log_base=None, log_level=None, verb_name='build', build_base='build', install_base='install', merge_install=False, symlink_install=False, test_result_base=None, continue_on_error=False, executor='parallel', parallel_workers=8, event_handlers=None, ignore_user_meta=False, metas=['./colcon.meta'], base_paths=['.'], packages_ignore=None, packages_ignore_regex=None, paths=None, packages_up_to=None, packages_up_to_regex=None, packages_above=None, packages_above_and_dependencies=None, packages_above_depth=None, packages_select_by_dep=None, packages_skip_by_dep=None, packages_skip_up_to=None, packages_select_build_failed=False, packages_skip_build_finished=False, packages_select_test_failures=False, packages_skip_test_passed=False, packages_select=None, packages_skip=None, packages_select_regex=None, packages_skip_regex=None, packages_start=None, packages_end=None, allow_overriding=[], cmake_args=None, cmake_target=None, cmake_target_skip_unavailable=False, cmake_clean_cache=False, cmake_clean_first=False, cmake_force_configure=False, ament_cmake_args=None, catkin_cmake_args=None, catkin_skip_building_tests=False, mixin_files=None, mixin=None, verb_parser=<colcon_mixin.mixin.mixin_argument.MixinArgumentDecorator object at 0x7e3edc4662f0>, verb_extension=<colcon_core.verb.build.BuildVerb object at 0x7e3edc4658d0>, main=<bound method BuildVerb.main of <colcon_core.verb.build.BuildVerb object at 0x7e3edc4658d0>>, mixin_verb=('build',))
[0.410s] Level 1:colcon.colcon_core.package_discovery:discover_packages(colcon_meta) check parameters
[0.410s] Level 1:colcon.colcon_core.package_discovery:discover_packages(recursive) check parameters
[0.410s] Level 1:colcon.colcon_core.package_discovery:discover_packages(ignore) check parameters
[0.410s] Level 1:colcon.colcon_core.package_discovery:discover_packages(path) check parameters
[0.410s] Level 1:colcon.colcon_core.package_discovery:discover_packages(colcon_meta) discover
[0.410s] Level 1:colcon.colcon_core.package_discovery:discover_packages(recursive) discover
[0.410s] INFO:colcon.colcon_core.package_discovery:Crawling recursively for packages in '/home/student/git/Space-Robotics'
[0.410s] Level 1:colcon.colcon_core.package_identification:_identify(.) by extensions ['ignore', 'ignore_ament_install']
[0.410s] Level 1:colcon.colcon_core.package_identification:_identify(.) by extension 'ignore'
[0.411s] Level 1:colcon.colcon_core.package_identification:_identify(.) by extension 'ignore_ament_install'
[0.411s] Level 1:colcon.colcon_core.package_identification:_identify(.) by extensions ['colcon_pkg']
[0.411s] Level 1:colcon.colcon_core.package_identification:_identify(.) by extension 'colcon_pkg'
[0.411s] Level 1:colcon.colcon_core.package_identification:_identify(.) by extensions ['colcon_meta']
[0.411s] Level 1:colcon.colcon_core.package_identification:_identify(.) by extension 'colcon_meta'
[0.411s] Level 1:colcon.colcon_core.package_identification:_identify(.) by extensions ['ros']
[0.411s] Level 1:colcon.colcon_core.package_identification:_identify(.) by extension 'ros'
[0.426s] Level 1:colcon.colcon_core.package_identification:_identify(.) by extensions ['cmake', 'python']
[0.426s] Level 1:colcon.colcon_core.package_identification:_identify(.) by extension 'cmake'
[0.426s] Level 1:colcon.colcon_core.package_identification:_identify(.) by extension 'python'
[0.426s] Level 1:colcon.colcon_core.package_identification:_identify(.) by extensions ['python_setup_py']
[0.426s] Level 1:colcon.colcon_core.package_identification:_identify(.) by extension 'python_setup_py'
[0.426s] Level 1:colcon.colcon_core.package_identification:_identify(build) by extensions ['ignore', 'ignore_ament_install']
[0.426s] Level 1:colcon.colcon_core.package_identification:_identify(build) by extension 'ignore'
[0.426s] Level 1:colcon.colcon_core.package_identification:_identify(build) ignored
[0.427s] Level 1:colcon.colcon_core.package_identification:_identify(install) by extensions ['ignore', 'ignore_ament_install']
[0.427s] Level 1:colcon.colcon_core.package_identification:_identify(install) by extension 'ignore'
[0.427s] Level 1:colcon.colcon_core.package_identification:_identify(install) ignored
[0.427s] Level 1:colcon.colcon_core.package_identification:_identify(log) by extensions ['ignore', 'ignore_ament_install']
[0.427s] Level 1:colcon.colcon_core.package_identification:_identify(log) by extension 'ignore'
[0.427s] Level 1:colcon.colcon_core.package_identification:_identify(log) ignored
[0.427s] Level 1:colcon.colcon_core.package_identification:_identify(particle_filter_localisation-4) by extensions ['ignore', 'ignore_ament_install']
[0.428s] Level 1:colcon.colcon_core.package_identification:_identify(particle_filter_localisation-4) by extension 'ignore'
[0.428s] Level 1:colcon.colcon_core.package_identification:_identify(particle_filter_localisation-4) by extension 'ignore_ament_install'
[0.428s] Level 1:colcon.colcon_core.package_identification:_identify(particle_filter_localisation-4) by extensions ['colcon_pkg']
[0.428s] Level 1:colcon.colcon_core.package_identification:_identify(particle_filter_localisation-4) by extension 'colcon_pkg'
[0.428s] Level 1:colcon.colcon_core.package_identification:_identify(particle_filter_localisation-4) by extensions ['colcon_meta']
[0.428s] Level 1:colcon.colcon_core.package_identification:_identify(particle_filter_localisation-4) by extension 'colcon_meta'
[0.428s] Level 1:colcon.colcon_core.package_identification:_identify(particle_filter_localisation-4) by extensions ['ros']
[0.428s] Level 1:colcon.colcon_core.package_identification:_identify(particle_filter_localisation-4) by extension 'ros'
[0.428s] Level 1:colcon.colcon_core.package_identification:_identify(particle_filter_localisation-4) by extensions ['cmake', 'python']
[0.428s] Level 1:colcon.colcon_core.package_identification:_identify(particle_filter_localisation-4) by extension 'cmake'
[0.428s] Level 1:colcon.colcon_core.package_identification:_identify(particle_filter_localisation-4) by extension 'python'
[0.428s] Level 1:colcon.colcon_core.package_identification:_identify(particle_filter_localisation-4) by extensions ['python_setup_py']
[0.428s] Level 1:colcon.colcon_core.package_identification:_identify(particle_filter_localisation-4) by extension 'python_setup_py'
[0.429s] Level 1:colcon.colcon_core.package_identification:_identify(particle_filter_localisation-4/build) by extensions ['ignore', 'ignore_ament_install']
[0.429s] Level 1:colcon.colcon_core.package_identification:_identify(particle_filter_localisation-4/build) by extension 'ignore'
[0.429s] Level 1:colcon.colcon_core.package_identification:_identify(particle_filter_localisation-4/build) ignored
[0.429s] Level 1:colcon.colcon_core.package_identification:_identify(particle_filter_localisation-4/install) by extensions ['ignore', 'ignore_ament_install']
[0.429s] Level 1:colcon.colcon_core.package_identification:_identify(particle_filter_localisation-4/install) by extension 'ignore'
[0.429s] Level 1:colcon.colcon_core.package_identification:_identify(particle_filter_localisation-4/install) ignored
[0.430s] Level 1:colcon.colcon_core.package_identification:_identify(particle_filter_localisation-4/log) by extensions ['ignore', 'ignore_ament_install']
[0.430s] Level 1:colcon.colcon_core.package_identification:_identify(particle_filter_localisation-4/log) by extension 'ignore'
[0.430s] Level 1:colcon.colcon_core.package_identification:_identify(particle_filter_localisation-4/log) ignored
[0.430s] Level 1:colcon.colcon_core.package_identification:_identify(particle_filter_localisation-4/particle_filter_localisation) by extensions ['ignore', 'ignore_ament_install']
[0.430s] Level 1:colcon.colcon_core.package_identification:_identify(particle_filter_localisation-4/particle_filter_localisation) by extension 'ignore'
[0.430s] Level 1:colcon.colcon_core.package_identification:_identify(particle_filter_localisation-4/particle_filter_localisation) by extension 'ignore_ament_install'
[0.430s] Level 1:colcon.colcon_core.package_identification:_identify(particle_filter_localisation-4/particle_filter_localisation) by extensions ['colcon_pkg']
[0.431s] Level 1:colcon.colcon_core.package_identification:_identify(particle_filter_localisation-4/particle_filter_localisation) by extension 'colcon_pkg'
[0.431s] Level 1:colcon.colcon_core.package_identification:_identify(particle_filter_localisation-4/particle_filter_localisation) by extensions ['colcon_meta']
[0.431s] Level 1:colcon.colcon_core.package_identification:_identify(particle_filter_localisation-4/particle_filter_localisation) by extension 'colcon_meta'
[0.431s] Level 1:colcon.colcon_core.package_identification:_identify(particle_filter_localisation-4/particle_filter_localisation) by extensions ['ros']
[0.431s] Level 1:colcon.colcon_core.package_identification:_identify(particle_filter_localisation-4/particle_filter_localisation) by extension 'ros'
[0.435s] DEBUG:colcon.colcon_core.package_identification:Package 'particle_filter_localisation-4/particle_filter_localisation' with type 'ros.ament_python' and name 'particle_filter_localisation'
[0.435s] Level 1:colcon.colcon_core.package_discovery:discover_packages(recursive) using defaults
[0.435s] Level 1:colcon.colcon_core.package_discovery:discover_packages(ignore) discover
[0.435s] Level 1:colcon.colcon_core.package_discovery:discover_packages(ignore) using defaults
[0.435s] Level 1:colcon.colcon_core.package_discovery:discover_packages(path) discover
[0.435s] Level 1:colcon.colcon_core.package_discovery:discover_packages(path) using defaults
[0.481s] Level 1:colcon.colcon_core.package_discovery:discover_packages(prefix_path) check parameters
[0.481s] Level 1:colcon.colcon_core.package_discovery:discover_packages(prefix_path) discover
[0.484s] DEBUG:colcon.colcon_installed_package_information.package_discovery:Found 3 installed packages in /home/student/ros_ws/install
[0.485s] DEBUG:colcon.colcon_installed_package_information.package_discovery:Found 0 installed packages in /home/student/ros2_ws/install
[0.488s] DEBUG:colcon.colcon_installed_package_information.package_discovery:Found 327 installed packages in /opt/ros/humble
[0.491s] Level 1:colcon.colcon_core.package_discovery:discover_packages(prefix_path) using defaults
[0.565s] Level 5:colcon.colcon_core.verb:set package 'particle_filter_localisation' build argument 'cmake_args' from command line to 'None'
[0.565s] Level 5:colcon.colcon_core.verb:set package 'particle_filter_localisation' build argument 'cmake_target' from command line to 'None'
[0.565s] Level 5:colcon.colcon_core.verb:set package 'particle_filter_localisation' build argument 'cmake_target_skip_unavailable' from command line to 'False'
[0.565s] Level 5:colcon.colcon_core.verb:set package 'particle_filter_localisation' build argument 'cmake_clean_cache' from command line to 'False'
[0.565s] Level 5:colcon.colcon_core.verb:set package 'particle_filter_localisation' build argument 'cmake_clean_first' from command line to 'False'
[0.565s] Level 5:colcon.colcon_core.verb:set package 'particle_filter_localisation' build argument 'cmake_force_configure' from command line to 'False'
[0.565s] Level 5:colcon.colcon_core.verb:set package 'particle_filter_localisation' build argument 'ament_cmake_args' from command line to 'None'
[0.565s] Level 5:colcon.colcon_core.verb:set package 'particle_filter_localisation' build argument 'catkin_cmake_args' from command line to 'None'
[0.566s] Level 5:colcon.colcon_core.verb:set package 'particle_filter_localisation' build argument 'catkin_skip_building_tests' from command line to 'False'
[0.566s] DEBUG:colcon.colcon_core.verb:Building package 'particle_filter_localisation' with the following arguments: {'ament_cmake_args': None, 'build_base': '/home/student/git/Space-Robotics/build/particle_filter_localisation', 'catkin_cmake_args': None, 'catkin_skip_building_tests': False, 'cmake_args': None, 'cmake_clean_cache': False, 'cmake_clean_first': False, 'cmake_force_configure': False, 'cmake_target': None, 'cmake_target_skip_unavailable': False, 'install_base': '/home/student/git/Space-Robotics/install/particle_filter_localisation', 'merge_install': False, 'path': '/home/student/git/Space-Robotics/particle_filter_localisation-4/particle_filter_localisation', 'symlink_install': False, 'test_result_base': None}
[0.566s] INFO:colcon.colcon_core.executor:Executing jobs using 'parallel' executor
[0.567s] DEBUG:colcon.colcon_parallel_executor.executor.parallel:run_until_complete
[0.568s] INFO:colcon.colcon_ros.task.ament_python.build:Building ROS package in '/home/student/git/Space-Robotics/particle_filter_localisation-4/particle_filter_localisation' with build type 'ament_python'
[0.568s] Level 1:colcon.colcon_core.shell:create_environment_hook('particle_filter_localisation', 'ament_prefix_path')
[0.570s] INFO:colcon.colcon_core.plugin_system:Skipping extension 'colcon_core.shell.bat': Not used on non-Windows systems
[0.570s] INFO:colcon.colcon_core.shell:Creating environment hook '/home/student/git/Space-Robotics/install/particle_filter_localisation/share/particle_filter_localisation/hook/ament_prefix_path.ps1'
[0.571s] INFO:colcon.colcon_core.shell:Creating environment descriptor '/home/student/git/Space-Robotics/install/particle_filter_localisation/share/particle_filter_localisation/hook/ament_prefix_path.dsv'
[0.572s] INFO:colcon.colcon_core.shell:Creating environment hook '/home/student/git/Space-Robotics/install/particle_filter_localisation/share/particle_filter_localisation/hook/ament_prefix_path.sh'
[0.572s] INFO:colcon.colcon_core.shell:Skip shell extension 'powershell' for command environment: Not usable outside of PowerShell
[0.573s] DEBUG:colcon.colcon_core.shell:Skip shell extension 'dsv' for command environment
[0.993s] INFO:colcon.colcon_core.task.python.build:Building Python package in '/home/student/git/Space-Robotics/particle_filter_localisation-4/particle_filter_localisation'
[0.994s] INFO:colcon.colcon_core.shell:Skip shell extension 'powershell' for command environment: Not usable outside of PowerShell
[0.995s] DEBUG:colcon.colcon_core.shell:Skip shell extension 'dsv' for command environment
[1.579s] DEBUG:colcon.colcon_core.event_handler.log_command:Invoking command in '/home/student/git/Space-Robotics/particle_filter_localisation-4/particle_filter_localisation': PYTHONPATH=/home/student/git/Space-Robotics/build/particle_filter_localisation/prefix_override:/usr/lib/python3/dist-packages/colcon_core/task/python/colcon_distutils_commands:/home/student/git/Space-Robotics/install/particle_filter_localisation/lib/python3.10/site-packages:${PYTHONPATH} /usr/bin/python3 -W ignore:setup.py install is deprecated -W ignore:easy_install command is deprecated setup.py egg_info --egg-base ../../build/particle_filter_localisation build --build-base /home/student/git/Space-Robotics/build/particle_filter_localisation/build install --record /home/student/git/Space-Robotics/build/particle_filter_localisation/install.log --single-version-externally-managed install_data
[2.077s] DEBUG:colcon.colcon_core.event_handler.log_command:Invoked command in '/home/student/git/Space-Robotics/particle_filter_localisation-4/particle_filter_localisation' returned '0': PYTHONPATH=/home/student/git/Space-Robotics/build/particle_filter_localisation/prefix_override:/usr/lib/python3/dist-packages/colcon_core/task/python/colcon_distutils_commands:/home/student/git/Space-Robotics/install/particle_filter_localisation/lib/python3.10/site-packages:${PYTHONPATH} /usr/bin/python3 -W ignore:setup.py install is deprecated -W ignore:easy_install command is deprecated setup.py egg_info --egg-base ../../build/particle_filter_localisation build --build-base /home/student/git/Space-Robotics/build/particle_filter_localisation/build install --record /home/student/git/Space-Robotics/build/particle_filter_localisation/install.log --single-version-externally-managed install_data
[2.080s] Level 1:colcon.colcon_core.environment:checking '/home/student/git/Space-Robotics/install/particle_filter_localisation' for CMake module files
[2.080s] Level 1:colcon.colcon_core.environment:checking '/home/student/git/Space-Robotics/install/particle_filter_localisation' for CMake config files
[2.082s] Level 1:colcon.colcon_core.environment:checking '/home/student/git/Space-Robotics/install/particle_filter_localisation/lib'
[2.082s] Level 1:colcon.colcon_core.environment:checking '/home/student/git/Space-Robotics/install/particle_filter_localisation/bin'
[2.082s] Level 1:colcon.colcon_core.environment:checking '/home/student/git/Space-Robotics/install/particle_filter_localisation/lib/pkgconfig/particle_filter_localisation.pc'
[2.083s] Level 1:colcon.colcon_core.environment:checking '/home/student/git/Space-Robotics/install/particle_filter_localisation/lib/python3.10/site-packages'
[2.083s] Level 1:colcon.colcon_core.shell:create_environment_hook('particle_filter_localisation', 'pythonpath')
[2.084s] INFO:colcon.colcon_core.shell:Creating environment hook '/home/student/git/Space-Robotics/install/particle_filter_localisation/share/particle_filter_localisation/hook/pythonpath.ps1'
[2.085s] INFO:colcon.colcon_core.shell:Creating environment descriptor '/home/student/git/Space-Robotics/install/particle_filter_localisation/share/particle_filter_localisation/hook/pythonpath.dsv'
[2.086s] INFO:colcon.colcon_core.shell:Creating environment hook '/home/student/git/Space-Robotics/install/particle_filter_localisation/share/particle_filter_localisation/hook/pythonpath.sh'
[2.090s] Level 1:colcon.colcon_core.environment:checking '/home/student/git/Space-Robotics/install/particle_filter_localisation/bin'
[2.090s] Level 1:colcon.colcon_core.environment:create_environment_scripts_only(particle_filter_localisation)
[2.091s] INFO:colcon.colcon_core.shell:Creating package script '/home/student/git/Space-Robotics/install/particle_filter_localisation/share/particle_filter_localisation/package.ps1'
[2.092s] INFO:colcon.colcon_core.shell:Creating package descriptor '/home/student/git/Space-Robotics/install/particle_filter_localisation/share/particle_filter_localisation/package.dsv'
[2.097s] INFO:colcon.colcon_core.shell:Creating package script '/home/student/git/Space-Robotics/install/particle_filter_localisation/share/particle_filter_localisation/package.sh'
[2.099s] INFO:colcon.colcon_core.shell:Creating package script '/home/student/git/Space-Robotics/install/particle_filter_localisation/share/particle_filter_localisation/package.bash'
[2.100s] INFO:colcon.colcon_core.shell:Creating package script '/home/student/git/Space-Robotics/install/particle_filter_localisation/share/particle_filter_localisation/package.zsh'
[2.105s] Level 1:colcon.colcon_core.environment:create_file_with_runtime_dependencies(/home/student/git/Space-Robotics/install/particle_filter_localisation/share/colcon-core/packages/particle_filter_localisation)
[2.105s] DEBUG:colcon.colcon_parallel_executor.executor.parallel:closing loop
[2.106s] DEBUG:colcon.colcon_parallel_executor.executor.parallel:loop closed
[2.107s] DEBUG:colcon.colcon_parallel_executor.executor.parallel:run_until_complete finished with '0'
[2.107s] DEBUG:colcon.colcon_core.event_reactor:joining thread
[2.115s] INFO:colcon.colcon_core.plugin_system:Skipping extension 'colcon_notification.desktop_notification.terminal_notifier': Not used on non-Darwin systems
[2.115s] INFO:colcon.colcon_core.plugin_system:Skipping extension 'colcon_notification.desktop_notification.win32': Not used on non-Windows systems
[2.115s] INFO:colcon.colcon_notification.desktop_notification:Sending desktop notification using 'notify2'
[2.131s] DEBUG:colcon.colcon_core.event_reactor:joined thread
[2.132s] INFO:colcon.colcon_core.shell:Creating prefix script '/home/student/git/Space-Robotics/install/local_setup.ps1'
[2.133s] INFO:colcon.colcon_core.shell:Creating prefix util module '/home/student/git/Space-Robotics/install/_local_setup_util_ps1.py'
[2.136s] INFO:colcon.colcon_core.shell:Creating prefix chain script '/home/student/git/Space-Robotics/install/setup.ps1'
[2.137s] INFO:colcon.colcon_core.shell:Creating prefix script '/home/student/git/Space-Robotics/install/local_setup.sh'
[2.138s] INFO:colcon.colcon_core.shell:Creating prefix util module '/home/student/git/Space-Robotics/install/_local_setup_util_sh.py'
[2.138s] INFO:colcon.colcon_core.shell:Creating prefix chain script '/home/student/git/Space-Robotics/install/setup.sh'
[2.140s] INFO:colcon.colcon_core.shell:Creating prefix script '/home/student/git/Space-Robotics/install/local_setup.bash'
[2.141s] INFO:colcon.colcon_core.shell:Creating prefix chain script '/home/student/git/Space-Robotics/install/setup.bash'
[2.143s] INFO:colcon.colcon_core.shell:Creating prefix script '/home/student/git/Space-Robotics/install/local_setup.zsh'
[2.144s] INFO:colcon.colcon_core.shell:Creating prefix chain script '/home/student/git/Space-Robotics/install/setup.zsh'
