[1.913s] Invoking command in '/home/student/git/Space-Robotics/particle_filter_localisation-4/build/particle_filter_localisation': PYTHONPATH=/home/student/git/Space-Robotics/particle_filter_localisation-4/build/particle_filter_localisation/prefix_override:/usr/lib/python3/dist-packages/colcon_core/task/python/colcon_distutils_commands:/home/student/git/Space-Robotics/particle_filter_localisation-4/install/particle_filter_localisation/lib/python3.10/site-packages:${PYTHONPATH} /usr/bin/python3 -W ignore:setup.py install is deprecated -W ignore:easy_install command is deprecated setup.py develop --editable --build-directory /home/student/git/Space-Robotics/particle_filter_localisation-4/build/particle_filter_localisation/build --no-deps symlink_data
[2.201s] running develop
[2.406s] running egg_info
[2.406s] creating particle_filter_localisation.egg-info
[2.406s] writing particle_filter_localisation.egg-info/PKG-INFO
[2.406s] writing dependency_links to particle_filter_localisation.egg-info/dependency_links.txt
[2.407s] writing entry points to particle_filter_localisation.egg-info/entry_points.txt
[2.407s] writing requirements to particle_filter_localisation.egg-info/requires.txt
[2.407s] writing top-level names to particle_filter_localisation.egg-info/top_level.txt
[2.407s] writing manifest file 'particle_filter_localisation.egg-info/SOURCES.txt'
[2.410s] reading manifest file 'particle_filter_localisation.egg-info/SOURCES.txt'
[2.411s] writing manifest file 'particle_filter_localisation.egg-info/SOURCES.txt'
[2.414s] running build_ext
[2.414s] Creating /home/student/git/Space-Robotics/particle_filter_localisation-4/install/particle_filter_localisation/lib/python3.10/site-packages/particle-filter-localisation.egg-link (link to .)
[2.416s] Installing mock_magnetometer script to /home/student/git/Space-Robotics/particle_filter_localisation-4/install/particle_filter_localisation/lib/particle_filter_localisation
[2.416s] Installing particle_filter_localisation script to /home/student/git/Space-Robotics/particle_filter_localisation-4/install/particle_filter_localisation/lib/particle_filter_localisation
[2.416s] Installing visual_terrain_sensor script to /home/student/git/Space-Robotics/particle_filter_localisation-4/install/particle_filter_localisation/lib/particle_filter_localisation
[2.416s] 
[2.416s] Installed /home/student/git/Space-Robotics/particle_filter_localisation-4/build/particle_filter_localisation
[2.416s] running symlink_data
[2.417s] creating /home/student/git/Space-Robotics/particle_filter_localisation-4/install/particle_filter_localisation/share/ament_index
[2.417s] creating /home/student/git/Space-Robotics/particle_filter_localisation-4/install/particle_filter_localisation/share/ament_index/resource_index
[2.417s] creating /home/student/git/Space-Robotics/particle_filter_localisation-4/install/particle_filter_localisation/share/ament_index/resource_index/packages
[2.417s] symbolically linking /home/student/git/Space-Robotics/particle_filter_localisation-4/build/particle_filter_localisation/resource/particle_filter_localisation -> /home/student/git/Space-Robotics/particle_filter_localisation-4/install/particle_filter_localisation/share/ament_index/resource_index/packages
[2.417s] symbolically linking /home/student/git/Space-Robotics/particle_filter_localisation-4/build/particle_filter_localisation/package.xml -> /home/student/git/Space-Robotics/particle_filter_localisation-4/install/particle_filter_localisation/share/particle_filter_localisation
[2.417s] creating /home/student/git/Space-Robotics/particle_filter_localisation-4/install/particle_filter_localisation/share/particle_filter_localisation/launch
[2.417s] symbolically linking /home/student/git/Space-Robotics/particle_filter_localisation-4/build/particle_filter_localisation/launch/particle_filter_localisation_launch.py -> /home/student/git/Space-Robotics/particle_filter_localisation-4/install/particle_filter_localisation/share/particle_filter_localisation/launch
[2.418s] creating /home/student/git/Space-Robotics/particle_filter_localisation-4/install/particle_filter_localisation/share/particle_filter_localisation/config
[2.418s] symbolically linking /home/student/git/Space-Robotics/particle_filter_localisation-4/build/particle_filter_localisation/config/visualisation.rviz -> /home/student/git/Space-Robotics/particle_filter_localisation-4/install/particle_filter_localisation/share/particle_filter_localisation/config
[2.418s] creating /home/student/git/Space-Robotics/particle_filter_localisation-4/install/particle_filter_localisation/share/particle_filter_localisation/world_data
[2.418s] symbolically linking /home/student/git/Space-Robotics/particle_filter_localisation-4/build/particle_filter_localisation/world_data/marsyard2022_peaks.bmp -> /home/student/git/Space-Robotics/particle_filter_localisation-4/install/particle_filter_localisation/share/particle_filter_localisation/world_data
[2.418s] symbolically linking /home/student/git/Space-Robotics/particle_filter_localisation-4/build/particle_filter_localisation/world_data/marsyard2022_class_coloured.bmp -> /home/student/git/Space-Robotics/particle_filter_localisation-4/install/particle_filter_localisation/share/particle_filter_localisation/world_data
[2.418s] symbolically linking /home/student/git/Space-Robotics/particle_filter_localisation-4/build/particle_filter_localisation/world_data/marsyard2022_map.world -> /home/student/git/Space-Robotics/particle_filter_localisation-4/install/particle_filter_localisation/share/particle_filter_localisation/world_data
[2.419s] symbolically linking /home/student/git/Space-Robotics/particle_filter_localisation-4/build/particle_filter_localisation/world_data/marsyard2022_class.bmp -> /home/student/git/Space-Robotics/particle_filter_localisation-4/install/particle_filter_localisation/share/particle_filter_localisation/world_data
[2.419s] symbolically linking /home/student/git/Space-Robotics/particle_filter_localisation-4/build/particle_filter_localisation/world_data/marsyard2022_peaks_list.csv -> /home/student/git/Space-Robotics/particle_filter_localisation-4/install/particle_filter_localisation/share/particle_filter_localisation/world_data
[2.419s] symbolically linking /home/student/git/Space-Robotics/particle_filter_localisation-4/build/particle_filter_localisation/world_data/marsyard2022_height.bmp -> /home/student/git/Space-Robotics/particle_filter_localisation-4/install/particle_filter_localisation/share/particle_filter_localisation/world_data
[2.419s] symbolically linking /home/student/git/Space-Robotics/particle_filter_localisation-4/build/particle_filter_localisation/world_data/marsyard2022_obstacles.bmp -> /home/student/git/Space-Robotics/particle_filter_localisation-4/install/particle_filter_localisation/share/particle_filter_localisation/world_data
[2.419s] symbolically linking /home/student/git/Space-Robotics/particle_filter_localisation-4/build/particle_filter_localisation/world_data/marsyard2022_parameters.yaml -> /home/student/git/Space-Robotics/particle_filter_localisation-4/install/particle_filter_localisation/share/particle_filter_localisation/world_data
[2.419s] symbolically linking /home/student/git/Space-Robotics/particle_filter_localisation-4/build/particle_filter_localisation/world_data/marsyard2022.yaml -> /home/student/git/Space-Robotics/particle_filter_localisation-4/install/particle_filter_localisation/share/particle_filter_localisation/world_data
[2.419s] symbolically linking /home/student/git/Space-Robotics/particle_filter_localisation-4/build/particle_filter_localisation/world_data/marsyard2022_texture_downsample.bmp -> /home/student/git/Space-Robotics/particle_filter_localisation-4/install/particle_filter_localisation/share/particle_filter_localisation/world_data
[2.466s] Invoked command in '/home/student/git/Space-Robotics/particle_filter_localisation-4/build/particle_filter_localisation' returned '0': PYTHONPATH=/home/student/git/Space-Robotics/particle_filter_localisation-4/build/particle_filter_localisation/prefix_override:/usr/lib/python3/dist-packages/colcon_core/task/python/colcon_distutils_commands:/home/student/git/Space-Robotics/particle_filter_localisation-4/install/particle_filter_localisation/lib/python3.10/site-packages:${PYTHONPATH} /usr/bin/python3 -W ignore:setup.py install is deprecated -W ignore:easy_install command is deprecated setup.py develop --editable --build-directory /home/student/git/Space-Robotics/particle_filter_localisation-4/build/particle_filter_localisation/build --no-deps symlink_data
